2022-09-12 17:58:55,274 - freqtrade.loggers - INFO - Verbosity set to 0
2022-09-12 17:58:55,275 - freqtrade.configuration.configuration - INFO - Runmode set to dry_run.
2022-09-12 17:58:55,275 - freqtrade.configuration.configuration - INFO - Parameter --db-url detected ...
2022-09-12 17:58:55,275 - freqtrade.configuration.configuration - INFO - Dry run is enabled
2022-09-12 17:58:55,275 - freqtrade.configuration.configuration - INFO - Using DB: "sqlite:////freqtrade/user_data/tradesv3.sqlite"
2022-09-12 17:58:55,276 - freqtrade.configuration.configuration - INFO - Using max_open_trades: 8 ...
2022-09-12 17:58:55,284 - freqtrade.configuration.configuration - INFO - Using user-data directory: /freqtrade/user_data ...
2022-09-12 17:58:55,284 - freqtrade.configuration.directory_operations - INFO - Created data directory: None
2022-09-12 17:58:55,284 - freqtrade.configuration.configuration - INFO - Using data directory: /freqtrade/user_data/data/ftx ...
2022-09-12 17:58:55,284 - freqtrade.configuration.check_exchange - INFO - Checking exchange...
2022-09-12 17:58:55,296 - freqtrade.configuration.check_exchange - INFO - Exchange "ftx" is officially supported by the Freqtrade development team.
2022-09-12 17:58:55,296 - freqtrade.configuration.configuration - INFO - Using pairlist from configuration.
2022-09-12 17:58:55,296 - freqtrade.freqtradebot - INFO - Starting freqtrade 2022.8
2022-09-12 17:58:55,314 - freqtrade.resolvers.iresolver - INFO - Using resolved strategy SampleStrategy from '/freqtrade/user_data/strategies/sample_strategy.py'...
2022-09-12 17:58:55,314 - freqtrade.strategy.hyper - INFO - Found no parameter file.
2022-09-12 17:58:55,314 - freqtrade.resolvers.strategy_resolver - INFO - Override strategy 'stake_currency' with value in config file: USDT.
2022-09-12 17:58:55,315 - freqtrade.resolvers.strategy_resolver - INFO - Override strategy 'stake_amount' with value in config file: 100.
2022-09-12 17:58:55,315 - freqtrade.resolvers.strategy_resolver - INFO - Override strategy 'unfilledtimeout' with value in config file: {'entry': 10, 'exit': 10, 'exit_timeout_count': 0, 'unit': 'minutes'}.
2022-09-12 17:58:55,315 - freqtrade.resolvers.strategy_resolver - INFO - Strategy using minimal_roi: {'60': 0.01, '30': 0.02, '0': 0.04}
2022-09-12 17:58:55,315 - freqtrade.resolvers.strategy_resolver - INFO - Strategy using timeframe: 5m
2022-09-12 17:58:55,315 - freqtrade.resolvers.strategy_resolver - INFO - Strategy using stoploss: -0.1
2022-09-12 17:58:55,316 - freqtrade.resolvers.strategy_resolver - INFO - Strategy using trailing_stop: False
2022-09-12 17:58:55,316 - freqtrade.resolvers.strategy_resolver - INFO - Strategy using trailing_stop_positive_offset: 0.0
2022-09-12 17:58:55,316 - freqtrade.resolvers.strategy_resolver - INFO - Strategy using trailing_only_offset_is_reached: False
2022-09-12 17:58:55,316 - freqtrade.resolvers.strategy_resolver - INFO - Strategy using use_custom_stoploss: False
2022-09-12 17:58:55,316 - freqtrade.resolvers.strategy_resolver - INFO - Strategy using process_only_new_candles: True
2022-09-12 17:58:55,316 - freqtrade.resolvers.strategy_resolver - INFO - Strategy using order_types: {'entry': 'limit', 'exit': 'limit', 'stoploss': 'market', 'stoploss_on_exchange': False}
2022-09-12 17:58:55,316 - freqtrade.resolvers.strategy_resolver - INFO - Strategy using order_time_in_force: {'entry': 'gtc', 'exit': 'gtc'}
2022-09-12 17:58:55,317 - freqtrade.resolvers.strategy_resolver - INFO - Strategy using stake_currency: USDT
2022-09-12 17:58:55,317 - freqtrade.resolvers.strategy_resolver - INFO - Strategy using stake_amount: 100
2022-09-12 17:58:55,317 - freqtrade.resolvers.strategy_resolver - INFO - Strategy using protections: []
2022-09-12 17:58:55,317 - freqtrade.resolvers.strategy_resolver - INFO - Strategy using startup_candle_count: 30
2022-09-12 17:58:55,317 - freqtrade.resolvers.strategy_resolver - INFO - Strategy using unfilledtimeout: {'entry': 10, 'exit': 10, 'exit_timeout_count': 0, 'unit': 'minutes'}
2022-09-12 17:58:55,317 - freqtrade.resolvers.strategy_resolver - INFO - Strategy using use_exit_signal: True
2022-09-12 17:58:55,318 - freqtrade.resolvers.strategy_resolver - INFO - Strategy using exit_profit_only: False
2022-09-12 17:58:55,318 - freqtrade.resolvers.strategy_resolver - INFO - Strategy using ignore_roi_if_entry_signal: False
2022-09-12 17:58:55,318 - freqtrade.resolvers.strategy_resolver - INFO - Strategy using exit_profit_offset: 0.0
2022-09-12 17:58:55,318 - freqtrade.resolvers.strategy_resolver - INFO - Strategy using disable_dataframe_checks: False
2022-09-12 17:58:55,318 - freqtrade.resolvers.strategy_resolver - INFO - Strategy using ignore_buying_expired_candle_after: 0
2022-09-12 17:58:55,318 - freqtrade.resolvers.strategy_resolver - INFO - Strategy using position_adjustment_enable: False
2022-09-12 17:58:55,319 - freqtrade.resolvers.strategy_resolver - INFO - Strategy using max_entry_position_adjustment: -1
2022-09-12 17:58:55,319 - freqtrade.configuration.config_validation - INFO - Validating configuration ...
2022-09-12 17:58:55,323 - freqtrade.exchange.exchange - INFO - Instance is running with dry_run enabled
2022-09-12 17:58:55,323 - freqtrade.exchange.exchange - INFO - Using CCXT 1.92.52
2022-09-12 17:58:55,334 - freqtrade.exchange.exchange - INFO - Using Exchange "FTX"
2022-09-12 17:58:56,444 - freqtrade.resolvers.exchange_resolver - INFO - Using resolved exchange 'Ftx'...
2022-09-12 17:58:56,532 - freqtrade.wallets - INFO - Wallets synced.
2022-09-12 17:58:56,592 - freqtrade.rpc.rpc_manager - INFO - Enabling rpc.api_server
2022-09-12 17:58:57,428 - freqtrade.rpc.api_server.webserver - INFO - Starting HTTP Server at 0.0.0.0:8080
2022-09-12 17:58:57,429 - freqtrade.rpc.api_server.webserver - WARNING - SECURITY WARNING - Local Rest Server listening to external connections
2022-09-12 17:58:57,429 - freqtrade.rpc.api_server.webserver - WARNING - SECURITY WARNING - This is insecure please set to your loopback,e.g 127.0.0.1 in config.json
2022-09-12 17:58:57,429 - freqtrade.rpc.api_server.webserver - INFO - Starting Local Rest Server.
2022-09-12 17:58:57,435 - uvicorn.error - INFO - Started server process [1]
2022-09-12 17:58:57,436 - uvicorn.error - INFO - Waiting for application startup.
2022-09-12 17:58:57,436 - uvicorn.error - INFO - Application startup complete.
2022-09-12 17:58:57,437 - uvicorn.error - INFO - Uvicorn running on http://0.0.0.0:8080 (Press CTRL+C to quit)
2022-09-12 17:58:57,450 - freqtrade.resolvers.iresolver - INFO - Using resolved pairlist VolumePairList from '/freqtrade/freqtrade/plugins/pairlist/VolumePairList.py'...
2022-09-12 17:58:57,519 - VolumePairList - INFO - Searching 20 pairs: ['BTC/USDT', 'ETH/USDT', 'SOL/USDT', 'XRP/USDT', 'FTT/USDT', 'BNB/USDT', 'BCH/USDT', 'UNI/USDT', 'LTC/USDT', 'BULL/USDT', 'AVAX/USDT', 'TRX/USDT', 'LINK/USDT', 'BEAR/USDT', 'DOT/USDT', 'DOGE/USDT', 'NEAR/USDT', 'BRZ/USDT', 'ATOM/USDT', 'ETHBULL/USDT']
2022-09-12 17:58:57,521 - freqtrade.strategy.hyper - INFO - No params for buy found, using default values.
2022-09-12 17:58:57,522 - freqtrade.strategy.hyper - INFO - Strategy Parameter(default): buy_rsi = 30
2022-09-12 17:58:57,522 - freqtrade.strategy.hyper - INFO - Strategy Parameter(default): exit_short_rsi = 30
2022-09-12 17:58:57,522 - freqtrade.strategy.hyper - INFO - No params for sell found, using default values.
2022-09-12 17:58:57,523 - freqtrade.strategy.hyper - INFO - Strategy Parameter(default): sell_rsi = 70
2022-09-12 17:58:57,523 - freqtrade.strategy.hyper - INFO - Strategy Parameter(default): short_rsi = 70
2022-09-12 17:58:57,523 - freqtrade.strategy.hyper - INFO - No params for protection found, using default values.
2022-09-12 17:58:57,523 - freqtrade.plugins.protectionmanager - INFO - No protection Handlers defined.
2022-09-12 17:58:57,524 - freqtrade.rpc.rpc_manager - INFO - Sending rpc message: {'type': status, 'status': 'running'}
2022-09-12 17:58:57,524 - freqtrade.worker - INFO - Changing state to: RUNNING
2022-09-12 17:58:57,524 - freqtrade.rpc.rpc_manager - INFO - Sending rpc message: {'type': warning, 'status': 'Dry run is enabled. All trades are simulated.'}
2022-09-12 17:58:57,524 - freqtrade.rpc.rpc_manager - INFO - Sending rpc message: {'type': startup, 'status': "*Exchange:* `ftx`\n*Stake per trade:* `100 USDT`\n*Minimum ROI:* `{'60': 0.01, '30': 0.02, '0': 0.04}`\n*Stoploss:* `-0.1`\n*Position adjustment:* `Off`\n*Timeframe:* `5m`\n*Strategy:* `SampleStrategy`"}
2022-09-12 17:58:57,524 - freqtrade.rpc.rpc_manager - INFO - Sending rpc message: {'type': startup, 'status': "Searching for USDT pairs to buy and sell based on [{'VolumePairList': 'VolumePairList - top 20 volume pairs.'}]"}
2022-09-12 17:59:02,534 - freqtrade.worker - INFO - Bot heartbeat. PID=1, version='2022.8', state='RUNNING'
2022-09-12 18:00:02,591 - freqtrade.worker - INFO - Bot heartbeat. PID=1, version='2022.8', state='RUNNING'
2022-09-12 18:01:37,691 - freqtrade.loggers - INFO - Verbosity set to 0
2022-09-12 18:01:37,691 - freqtrade.configuration.configuration - INFO - Runmode set to dry_run.
2022-09-12 18:01:37,691 - freqtrade.configuration.configuration - INFO - Parameter --db-url detected ...
2022-09-12 18:01:37,692 - freqtrade.configuration.configuration - INFO - Dry run is enabled
2022-09-12 18:01:37,692 - freqtrade.configuration.configuration - INFO - Using DB: "sqlite:////freqtrade/user_data/tradesv3.sqlite"
2022-09-12 18:01:37,692 - freqtrade.configuration.configuration - INFO - Using max_open_trades: 8 ...
2022-09-12 18:01:37,700 - freqtrade.configuration.configuration - INFO - Using user-data directory: /freqtrade/user_data ...
2022-09-12 18:01:37,700 - freqtrade.configuration.configuration - INFO - Using data directory: /freqtrade/user_data/data/ftx ...
2022-09-12 18:01:37,701 - freqtrade.configuration.check_exchange - INFO - Checking exchange...
2022-09-12 18:01:37,712 - freqtrade.configuration.check_exchange - INFO - Exchange "ftx" is officially supported by the Freqtrade development team.
2022-09-12 18:01:37,712 - freqtrade.configuration.configuration - INFO - Using pairlist from configuration.
2022-09-12 18:01:37,713 - freqtrade.freqtradebot - INFO - Starting freqtrade 2022.8
2022-09-12 18:01:37,728 - freqtrade.resolvers.iresolver - INFO - Using resolved strategy SampleStrategy from '/freqtrade/user_data/strategies/sample_strategy.py'...
2022-09-12 18:01:37,728 - freqtrade.strategy.hyper - INFO - Found no parameter file.
2022-09-12 18:01:37,729 - freqtrade.resolvers.strategy_resolver - INFO - Override strategy 'stake_currency' with value in config file: USDT.
2022-09-12 18:01:37,729 - freqtrade.resolvers.strategy_resolver - INFO - Override strategy 'stake_amount' with value in config file: 100.
2022-09-12 18:01:37,729 - freqtrade.resolvers.strategy_resolver - INFO - Override strategy 'unfilledtimeout' with value in config file: {'entry': 10, 'exit': 10, 'exit_timeout_count': 0, 'unit': 'minutes'}.
2022-09-12 18:01:37,729 - freqtrade.resolvers.strategy_resolver - INFO - Strategy using minimal_roi: {'60': 0.01, '30': 0.02, '0': 0.04}
2022-09-12 18:01:37,729 - freqtrade.resolvers.strategy_resolver - INFO - Strategy using timeframe: 5m
2022-09-12 18:01:37,730 - freqtrade.resolvers.strategy_resolver - INFO - Strategy using stoploss: -0.1
2022-09-12 18:01:37,730 - freqtrade.resolvers.strategy_resolver - INFO - Strategy using trailing_stop: False
2022-09-12 18:01:37,730 - freqtrade.resolvers.strategy_resolver - INFO - Strategy using trailing_stop_positive_offset: 0.0
2022-09-12 18:01:37,730 - freqtrade.resolvers.strategy_resolver - INFO - Strategy using trailing_only_offset_is_reached: False
2022-09-12 18:01:37,730 - freqtrade.resolvers.strategy_resolver - INFO - Strategy using use_custom_stoploss: False
2022-09-12 18:01:37,730 - freqtrade.resolvers.strategy_resolver - INFO - Strategy using process_only_new_candles: True
2022-09-12 18:01:37,731 - freqtrade.resolvers.strategy_resolver - INFO - Strategy using order_types: {'entry': 'limit', 'exit': 'limit', 'stoploss': 'market', 'stoploss_on_exchange': False}
2022-09-12 18:01:37,731 - freqtrade.resolvers.strategy_resolver - INFO - Strategy using order_time_in_force: {'entry': 'gtc', 'exit': 'gtc'}
2022-09-12 18:01:37,731 - freqtrade.resolvers.strategy_resolver - INFO - Strategy using stake_currency: USDT
2022-09-12 18:01:37,731 - freqtrade.resolvers.strategy_resolver - INFO - Strategy using stake_amount: 100
2022-09-12 18:01:37,731 - freqtrade.resolvers.strategy_resolver - INFO - Strategy using protections: []
2022-09-12 18:01:37,731 - freqtrade.resolvers.strategy_resolver - INFO - Strategy using startup_candle_count: 30
2022-09-12 18:01:37,731 - freqtrade.resolvers.strategy_resolver - INFO - Strategy using unfilledtimeout: {'entry': 10, 'exit': 10, 'exit_timeout_count': 0, 'unit': 'minutes'}
2022-09-12 18:01:37,732 - freqtrade.resolvers.strategy_resolver - INFO - Strategy using use_exit_signal: True
2022-09-12 18:01:37,732 - freqtrade.resolvers.strategy_resolver - INFO - Strategy using exit_profit_only: False
2022-09-12 18:01:37,732 - freqtrade.resolvers.strategy_resolver - INFO - Strategy using ignore_roi_if_entry_signal: False
2022-09-12 18:01:37,732 - freqtrade.resolvers.strategy_resolver - INFO - Strategy using exit_profit_offset: 0.0
2022-09-12 18:01:37,732 - freqtrade.resolvers.strategy_resolver - INFO - Strategy using disable_dataframe_checks: False
2022-09-12 18:01:37,732 - freqtrade.resolvers.strategy_resolver - INFO - Strategy using ignore_buying_expired_candle_after: 0
2022-09-12 18:01:37,733 - freqtrade.resolvers.strategy_resolver - INFO - Strategy using position_adjustment_enable: False
2022-09-12 18:01:37,733 - freqtrade.resolvers.strategy_resolver - INFO - Strategy using max_entry_position_adjustment: -1
2022-09-12 18:01:37,733 - freqtrade.configuration.config_validation - INFO - Validating configuration ...
2022-09-12 18:01:37,737 - freqtrade.exchange.exchange - INFO - Instance is running with dry_run enabled
2022-09-12 18:01:37,738 - freqtrade.exchange.exchange - INFO - Using CCXT 1.92.52
2022-09-12 18:01:37,748 - freqtrade.exchange.exchange - INFO - Using Exchange "FTX"
2022-09-12 18:01:39,343 - freqtrade.resolvers.exchange_resolver - INFO - Using resolved exchange 'Ftx'...
2022-09-12 18:01:39,405 - freqtrade.wallets - INFO - Wallets synced.
2022-09-12 18:01:39,475 - freqtrade.rpc.rpc_manager - INFO - Enabling rpc.api_server
2022-09-12 18:01:40,189 - freqtrade.rpc.api_server.webserver - INFO - Starting HTTP Server at 0.0.0.0:8080
2022-09-12 18:01:40,189 - freqtrade.rpc.api_server.webserver - WARNING - SECURITY WARNING - Local Rest Server listening to external connections
2022-09-12 18:01:40,190 - freqtrade.rpc.api_server.webserver - WARNING - SECURITY WARNING - This is insecure please set to your loopback,e.g 127.0.0.1 in config.json
2022-09-12 18:01:40,190 - freqtrade.rpc.api_server.webserver - INFO - Starting Local Rest Server.
2022-09-12 18:01:40,195 - uvicorn.error - INFO - Started server process [1]
2022-09-12 18:01:40,196 - uvicorn.error - INFO - Waiting for application startup.
2022-09-12 18:01:40,196 - uvicorn.error - INFO - Application startup complete.
2022-09-12 18:01:40,197 - uvicorn.error - INFO - Uvicorn running on http://0.0.0.0:8080 (Press CTRL+C to quit)
2022-09-12 18:01:40,208 - freqtrade.resolvers.iresolver - INFO - Using resolved pairlist VolumePairList from '/freqtrade/freqtrade/plugins/pairlist/VolumePairList.py'...
2022-09-12 18:01:40,461 - VolumePairList - INFO - Searching 20 pairs: ['BTC/USDT', 'ETH/USDT', 'SOL/USDT', 'XRP/USDT', 'FTT/USDT', 'BNB/USDT', 'BCH/USDT', 'UNI/USDT', 'LTC/USDT', 'BULL/USDT', 'AVAX/USDT', 'TRX/USDT', 'LINK/USDT', 'BEAR/USDT', 'DOT/USDT', 'DOGE/USDT', 'NEAR/USDT', 'BRZ/USDT', 'ATOM/USDT', 'ETHBULL/USDT']
2022-09-12 18:01:40,463 - freqtrade.strategy.hyper - INFO - No params for buy found, using default values.
2022-09-12 18:01:40,463 - freqtrade.strategy.hyper - INFO - Strategy Parameter(default): buy_rsi = 30
2022-09-12 18:01:40,464 - freqtrade.strategy.hyper - INFO - Strategy Parameter(default): exit_short_rsi = 30
2022-09-12 18:01:40,464 - freqtrade.strategy.hyper - INFO - No params for sell found, using default values.
2022-09-12 18:01:40,464 - freqtrade.strategy.hyper - INFO - Strategy Parameter(default): sell_rsi = 70
2022-09-12 18:01:40,464 - freqtrade.strategy.hyper - INFO - Strategy Parameter(default): short_rsi = 70
2022-09-12 18:01:40,465 - freqtrade.strategy.hyper - INFO - No params for protection found, using default values.
2022-09-12 18:01:40,465 - freqtrade.plugins.protectionmanager - INFO - No protection Handlers defined.
2022-09-12 18:01:40,465 - freqtrade.rpc.rpc_manager - INFO - Sending rpc message: {'type': status, 'status': 'running'}
2022-09-12 18:01:40,465 - freqtrade.worker - INFO - Changing state to: RUNNING
2022-09-12 18:01:40,465 - freqtrade.rpc.rpc_manager - INFO - Sending rpc message: {'type': warning, 'status': 'Dry run is enabled. All trades are simulated.'}
2022-09-12 18:01:40,466 - freqtrade.rpc.rpc_manager - INFO - Sending rpc message: {'type': startup, 'status': "*Exchange:* `ftx`\n*Stake per trade:* `100 USDT`\n*Minimum ROI:* `{'60': 0.01, '30': 0.02, '0': 0.04}`\n*Stoploss:* `-0.1`\n*Position adjustment:* `Off`\n*Timeframe:* `5m`\n*Strategy:* `SampleStrategy`"}
2022-09-12 18:01:40,466 - freqtrade.rpc.rpc_manager - INFO - Sending rpc message: {'type': startup, 'status': "Searching for USDT pairs to buy and sell based on [{'VolumePairList': 'VolumePairList - top 20 volume pairs.'}]"}
2022-09-12 18:01:45,476 - freqtrade.worker - INFO - Bot heartbeat. PID=1, version='2022.8', state='RUNNING'
2022-09-12 18:02:45,532 - freqtrade.worker - INFO - Bot heartbeat. PID=1, version='2022.8', state='RUNNING'
2022-09-12 18:03:45,589 - freqtrade.worker - INFO - Bot heartbeat. PID=1, version='2022.8', state='RUNNING'
2022-09-12 18:04:45,641 - freqtrade.worker - INFO - Bot heartbeat. PID=1, version='2022.8', state='RUNNING'
2022-09-12 18:05:45,695 - freqtrade.worker - INFO - Bot heartbeat. PID=1, version='2022.8', state='RUNNING'
2022-09-12 18:06:45,741 - freqtrade.worker - INFO - Bot heartbeat. PID=1, version='2022.8', state='RUNNING'
2022-09-12 18:07:45,795 - freqtrade.worker - INFO - Bot heartbeat. PID=1, version='2022.8', state='RUNNING'
